2024-02-13T14:24:20.816764-05:00	START
2024-02-13T14:24:21.404719-05:00	
{
    "status": false,
    "message": "a failure occured",
    "obj": {
        "status": false,
        "run": {
            "stdout": "",
            "stderr": "Error response from daemon: manifest for fnndsc/pl-fastsurfer_inference:1.3.1 not found: manifest unknown: manifest unknown\n",
            "cmd": "docker pull fnndsc/pl-fastsurfer_inference:1.3.1",
            "cwd": "/home/sandip/pl-fastsurfer_inference",
            "returncode": 1
        },
        "rep": {
            "error": "could not pull image"
        }
    }
}
2024-02-13T14:24:21.404770-05:00	END
2024-02-13T14:24:56.254843-05:00	START
2024-02-13T14:24:56.754523-05:00	
{
    "status": false,
    "message": "a failure occured",
    "obj": {
        "status": false,
        "run": {
            "stdout": "",
            "stderr": "Error response from daemon: pull access denied for local/pl-fastsurfer_inference, repository does not exist or may require 'docker login': denied: requested access to the resource is denied\n",
            "cmd": "docker pull local/pl-fastsurfer_inference:1.3.1",
            "cwd": "/home/sandip/pl-fastsurfer_inference",
            "returncode": 1
        },
        "rep": {
            "error": "could not pull image"
        }
    }
}
2024-02-13T14:24:56.754596-05:00	END
2024-02-13T14:25:14.878106-05:00	START
2024-02-13T14:25:16.288643-05:00	
{
    "status": false,
    "message": "a failure occured",
    "obj": {
        "status": false,
        "run": {
            "stdout": "",
            "stderr": "Error response from daemon: pull access denied for local/pl-fastsurfer_inference, repository does not exist or may require 'docker login': denied: requested access to the resource is denied\n",
            "cmd": "docker pull local/pl-fastsurfer_inference:1.3.1",
            "cwd": "/home/sandip/pl-fastsurfer_inference",
            "returncode": 1
        },
        "rep": {
            "error": "could not pull image"
        }
    }
}
2024-02-13T14:25:16.288699-05:00	END
